############################################################
#                                                          #
#                     COMPARE CLUSTERS                     #
#                                                          #
#                     Python Version 1                     #
#                        23.01.2020                        #
#                                                          #
#                     Scott M Woodley                      #
#                       Woongkyu Jee                       #
#                                                          #
############################################################
============================================================
                                                            
 RESULTS FROM COMPARING CLUSTERS                            
                                                            
 Using recentred / rotated structural data                  
                                                            
 CLUSTER FILE INPUTS :
                                                            
 CLUSTER 1 :  aims.xyz
 CLUSTER 2 :  slam.xyz
                                                            
============================================================
                                                            
 Degeneracy in the pricipal moment of inertia :  2         
                                                            
 Principal Moment of Inertia
                                                            
 CLUSTER 1 :    90.596885   90.599682  153.324691
 CLUSTER 2 :    85.640653   85.646050  141.636970
                                                            
 RMS PMOI  :     0.252359
                                                            
============================================================
                                                            
 Final Cluster Configurations ( Recentred / Rotated ) 
                                                            
 CLUSTER 1 :
                                                            
  F    1.533535    0.885169   -1.046716
  F   -1.533442   -0.885116    1.046723
  F    0.000129    1.770823    1.046754
  F   -0.000141   -1.770775   -1.046779
  F   -3.861035    0.000070    0.000064
  F    3.861144   -0.000149   -0.000140
  F    1.533687   -0.885716    1.046844
  F   -1.533653    0.885682   -1.046870
  F    1.930963    3.343568   -0.000003
  F    1.930080   -3.344076    0.000090
  F   -1.930973   -3.343434   -0.000073
  F   -1.930281    3.343960    0.000086
 Pb    2.373214   -1.370571   -1.107542
 Pb   -2.373234    1.370394    1.107674
 Pb   -2.373416   -1.369947   -1.107836
 Pb    2.373586    1.370045    1.107587
 Pb    0.000218    2.740553   -1.107585
 Pb   -0.000382   -2.740480    1.107723
                                                            
 CLUSTER 2 :
                                                            
  F    1.447671    0.834783   -1.069230
  F   -1.445748   -0.833673    1.070093
  F    0.000470    1.673224    1.070614
  F   -0.000494   -1.671468   -1.070610
  F   -3.728722   -0.000177    0.000475
  F    3.730007   -0.001613    0.000024
  F    1.448606   -0.837580    1.070866
  F   -1.447125    0.836696   -1.070856
  F    1.866661    3.229275   -0.000158
  F    1.861326   -3.232172   -0.000799
  F   -1.867517   -3.227282    0.000638
  F   -1.865223    3.229937   -0.001143
 Pb    2.274990   -1.315371   -1.150284
 Pb   -2.274993    1.314365    1.151136
 Pb   -2.275025   -1.312098   -1.152486
 Pb    2.275982    1.312642    1.150847
 Pb    0.000959    2.627717   -1.150576
 Pb   -0.001825   -2.627204    1.151450
                                                            
 O_RMS_CONFIG:     0.009343	         RAW
 RMS CONFIG:     0.009344	     ROTATED
                                                            
============================================================
                                                            
 Scaling Factor
                                                            
 Calculating optimised expansion coefficient (Etha)
 on 'cluster 2' with respect to 'cluster 1'
                                                            
 ( Etha          )(x2)   (x1)
 (      Etha     )(y2) = (y1)  Find optimised 'Etha' value
 (          Etha )(z2)   (z1)
                                                            
 Scaling Factor(Etha) Optimisation Log 
                                                            
  Cyc:   1  Gnorm:    10.620218  RMS:     0.009344  Etha:     1.000000
  Cyc:   5  Gnorm:     5.829746  RMS:     0.006712  Etha:     1.015039
  Cyc:   9  Gnorm:     3.200117  RMS:     0.005673  Etha:     1.023295
  Cyc:  13  Gnorm:     1.756637  RMS:     0.005313  Etha:     1.027826
  Cyc:  17  Gnorm:     0.964269  RMS:     0.005196  Etha:     1.030314
  Cyc:  21  Gnorm:     0.529315  RMS:     0.005157  Etha:     1.031679
  Cyc:  25  Gnorm:     0.290557  RMS:     0.005144  Etha:     1.032429
  Cyc:  29  Gnorm:     0.159495  RMS:     0.005140  Etha:     1.032840
  Cyc:  33  Gnorm:     0.087551  RMS:     0.005138  Etha:     1.033066
  Cyc:  37  Gnorm:     0.048060  RMS:     0.005137  Etha:     1.033190
  Cyc:  41  Gnorm:     0.026381  RMS:     0.005137  Etha:     1.033258
  Cyc:  45  Gnorm:     0.014481  RMS:     0.005137  Etha:     1.033296
  Cyc:  49  Gnorm:     0.007949  RMS:     0.005137  Etha:     1.033316
  Cyc:  53  Gnorm:     0.004364  RMS:     0.005137  Etha:     1.033327
  Cyc:  57  Gnorm:     0.002395  RMS:     0.005137  Etha:     1.033334
  Cyc:  61  Gnorm:     0.001315  RMS:     0.005137  Etha:     1.033337
  Cyc:  65  Gnorm:     0.000722  RMS:     0.005137  Etha:     1.033339
  Cyc:  69  Gnorm:     0.000396  RMS:     0.005137  Etha:     1.033340
  Cyc:  73  Gnorm:     0.000217  RMS:     0.005137  Etha:     1.033340
  Cyc:  77  Gnorm:     0.000119  RMS:     0.005137  Etha:     1.033341
  Cyc:  81  Gnorm:     0.000066  RMS:     0.005137  Etha:     1.033341
  Cyc:  85  Gnorm:     0.000036  RMS:     0.005137  Etha:     1.033341
  Cyc:  89  Gnorm:     0.000020  RMS:     0.005137  Etha:     1.033341
  Cyc:  93  Gnorm:     0.000011  RMS:     0.005137  Etha:     1.033341
  Cyc:  97  Gnorm:     0.000006  RMS:     0.005137  Etha:     1.033341
  Cyc: 101  Gnorm:     0.000003  RMS:     0.005137  Etha:     1.033341
  Cyc: 105  Gnorm:     0.000002  RMS:     0.005137  Etha:     1.033341
  Cyc: 109  Gnorm:     0.000001  RMS:     0.005137  Etha:     1.033341
                                                            
 Scaling Factor :     1.033341
                                                            
============================================================
############################################################
#               COMPLETE SUCCESS - ALL DONE                #
############################################################
#             THANK YOU FOR USING CF-CLUSTERS              #
############################################################
