##########################################################################################

 Sp-Lone pair involved Atomistic Model ( S L A M ) 

 (1) Toolkit - Dipole Moment Calculator

 Compatibility   : SLAM Version Above 2.2 
 (Last edited    : 07 - 11 - 2021 W.K. Jee)

##########################################################################################

 Configuration / Atomic Dipole Moment Elements (Defined at chosen atom's core position)

------------------------------------------------------------------------------------------
 Species.  x           y           z               u_x           u_y           u_z
------------------------------------------------------------------------------------------
  F c  2.251098    3.823601    1.331412
  F s  2.262829    3.851487    1.381037         -0.018652     -0.044339     -0.078904
  F c  3.627763    2.144998    4.650961
  F s  3.616120    2.117366    4.601736          0.018512      0.043935      0.078268
  F c  4.254740    4.470899    3.046851
  F s  4.241689    4.438583    3.000192          0.020751      0.051382      0.074188
  F c  1.625796    1.496349    2.934962
  F s  1.638858    1.528327    2.981475         -0.020769     -0.050845     -0.073956
  F c  5.630720    0.569324    3.905184
  F s  5.531032    0.658754    3.871094          0.158504     -0.142194      0.054203
  F c  0.246601    5.397065    2.078488
  F s  0.346354    5.307668    2.112354         -0.158607      0.142141     -0.053847
  F c  1.536405    4.017039    3.944572
  F s  1.528727    3.985599    3.896137          0.012208      0.049990      0.077012
  F c  4.341287    1.949723    2.038194
  F s  4.348972    1.980827    2.086492         -0.012219     -0.049455     -0.076794
  F c  3.744488    5.981232    0.923399
  F s  3.714698    5.870198    1.000038          0.047366      0.176544     -0.121856
  F c -0.557794    2.396444    4.146749
  F s -0.428241    2.418411    4.104058         -0.205989     -0.034928      0.067879
  F c  2.136896   -0.014143    5.058896
  F s  2.166502    0.096883    4.982122         -0.047074     -0.176531      0.122071
  F c  6.438102    3.565066    1.836386
  F s  6.308507    3.543725    1.879268          0.206056      0.033932     -0.068182
 Pb    0.205945    3.125163    2.133734          0.164760      0.237223      0.408626
 Pb    5.672895    2.841011    3.850157         -0.164990     -0.237645     -0.408507
 Pb    3.491528    0.180150    3.244810          0.070773      0.321960      0.377118
 Pb    2.387185    5.786201    2.736002         -0.070857     -0.321505     -0.377132
 Pb    4.474830    3.838104    0.723949          0.042657      0.216858      0.448963
 Pb    1.405648    2.128365    5.259414         -0.042291     -0.217177     -0.449044
------------------------------------------------------------------------------------------

 Cluster Dipole MM    (e*Angs) :  -35.276015  -35.797964  -35.895973
 Cluster Dipole QM    (e*Angs) :   35.276113   35.797703   35.896154
 Total Cluster Dipole (e*Angs) :    0.000099   -0.000262    0.000181

##########################################################################################
                                   Finalising
##########################################################################################
