##########################################################################################

 Sp-Lone pair involved Atomistic Model ( S L A M ) 

 (1) Toolkit - Dipole Moment Calculator

 Compatibility   : SLAM Version Above 2.2 
 (Last edited    : 07 - 11 - 2021 W.K. Jee)

##########################################################################################

 Configuration / Atomic Dipole Moment Elements (Defined at chosen atom's core position)

------------------------------------------------------------------------------------------
 Species.  x           y           z               u_x           u_y           u_z
------------------------------------------------------------------------------------------
  F c  2.284119    2.240177    2.613017
  F s  2.211383    2.238315    2.547478          0.115650      0.002961      0.104207
  F c  0.351014    2.617021    4.421014
  F s  0.419893    2.632530    4.326647         -0.109518     -0.024659      0.150044
  F c  0.624877    4.483132    2.061168
  F s  0.735081    4.428752    2.112381         -0.175224      0.086464     -0.081429
  F c  3.330727    3.483610    4.962918
  F s  3.323589    3.527211    4.830624          0.011349     -0.069326      0.210347
  F c  4.460330    2.596109    1.209927
  F s  4.434410    2.551059    1.316943          0.041213      0.071630     -0.170155
  F c  2.145289   -0.425670    2.493656
  F s  2.156757   -0.312751    2.461177         -0.018234     -0.179541      0.051642
  F c  2.564866    1.205264   -0.018664
  F s  2.615843    1.250397    0.095824         -0.081053     -0.071761     -0.182036
  F c  3.227776    4.677504    2.528649
  F s  3.227465    4.589219    2.608181          0.000494      0.140373     -0.126456
  F c  0.073228    1.945430    1.020482
  F s  0.176926    1.947650    1.113830         -0.164880     -0.003530     -0.148423
  F c  4.753655    1.074218    3.437955
  F s  4.722330    1.159076    3.331761          0.049807     -0.134924      0.168848
 Pb    1.868984    3.279462    0.590849         -0.212744     -0.340958      0.338233
 Pb    3.965614    0.323962    1.458518         -0.372422      0.333030      0.187381
 Pb    4.858250    3.308968    3.334200         -0.499937     -0.254828     -0.065236
 Pb    0.420859    0.923284    2.959390          0.309029      0.311000     -0.204529
 Pb    1.503952    4.490774    4.097544          0.081747     -0.435634     -0.298604
------------------------------------------------------------------------------------------

 Cluster Dipole MM    (e*Angs) :  -24.146277  -24.079109  -24.753533
 Cluster Dipole QM    (e*Angs) :   24.540992   24.265511   24.838247
 Total Cluster Dipole (e*Angs) :    0.394715    0.186402    0.084714

##########################################################################################
                                   Finalising
##########################################################################################
