##########################################################################################

 Sp-Lone pair involved Atomistic Model ( S L A M ) 

 (1) Toolkit - Dipole Moment Calculator

 Compatibility   : SLAM Version Above 2.2 
 (Last edited    : 07 - 11 - 2021 W.K. Jee)

##########################################################################################

 Configuration / Atomic Dipole Moment Elements (Defined at chosen atom's core position)

------------------------------------------------------------------------------------------
 Species.  x           y           z               u_x           u_y           u_z
------------------------------------------------------------------------------------------
  F c  1.657565    1.516345    1.656365
  F s  1.776144    1.532066    1.682172         -0.188541     -0.024996     -0.041033
  F c  4.280221    4.252673    4.359372
  F s  4.153232    4.238349    4.340798          0.201913      0.022775      0.029533
  F c  4.280310    4.252684    1.571698
  F s  4.153324    4.238355    1.590266          0.201908      0.022783     -0.029523
  F c  1.657465    1.516362    4.274527
  F s  1.776032    1.532086    4.248722         -0.188522     -0.025001      0.041030
  F c  4.273416    1.516340    4.274635
  F s  4.154837    1.532062    4.248828          0.188541     -0.024998      0.041033
  F c  1.650771    4.252677    1.571628
  F s  1.777759    4.238353    1.590202         -0.201911      0.022775     -0.029533
  F c  1.650681    4.252689    4.359302
  F s  1.777667    4.238360    4.340734         -0.201908      0.022783      0.029523
  F c  4.273517    1.516357    1.656473
  F s  4.154949    1.532082    1.682278          0.188523     -0.025003     -0.041030
  F c -1.222797    1.732612    1.264483
  F s -1.154909    1.804977    1.384969         -0.107942     -0.115060     -0.191573
  F c -1.222768    1.732865    4.666654
  F s -1.154881    1.805215    4.546160         -0.107940     -0.115036      0.191585
  F c  7.153750    1.732851    1.264346
  F s  7.085864    1.805201    1.384840          0.107939     -0.115037     -0.191585
  F c  7.153780    1.732598    4.666517
  F s  7.085891    1.804963    4.546031          0.107944     -0.115060      0.191573
 Pb   -0.305436    2.717901    2.965486         -0.554674     -0.548317      0.000045
 Pb    6.236421    2.717889    2.965514          0.554674     -0.548319     -0.000045
 Pb    2.965488    0.214415    2.965500          0.000000      0.477497      0.000000
 Pb    2.965498    5.451676    2.965500         -0.000000     -0.474789     -0.000000
 Pb    2.965580    2.846000    0.368083         -0.000017     -0.001725      0.441623
 Pb    2.965406    2.846000    5.562917          0.000017     -0.001725     -0.441623
------------------------------------------------------------------------------------------

 Cluster Dipole MM    (e*Angs) :  -35.585908  -30.476128  -35.586000
 Cluster Dipole QM    (e*Angs) :   35.585914   32.490384   35.586000
 Total Cluster Dipole (e*Angs) :    0.000006    2.014256    0.000000

##########################################################################################
                                   Finalising
##########################################################################################
