##########################################################################################

 Sp-Lone pair involved Atomistic Model ( S L A M ) 

 (1) Toolkit - Dipole Moment Calculator

 Compatibility   : SLAM Version Above 2.2 
 (Last edited    : 07 - 11 - 2021 W.K. Jee)

##########################################################################################

 Configuration / Atomic Dipole Moment Elements (Defined at chosen atom's core position)

------------------------------------------------------------------------------------------
 Species.  x           y           z               u_x           u_y           u_z
------------------------------------------------------------------------------------------
  F c  2.343299    2.088783    2.551397
  F s  2.307952    2.058379    2.461457          0.056202      0.048342      0.143005
  F c  0.574725    2.509313    4.662971
  F s  0.607591    2.565841    4.553228         -0.052257     -0.089880      0.174491
  F c  0.548170    3.916881    2.287460
  F s  0.640604    3.895221    2.351847         -0.146970      0.034439     -0.102375
  F c  3.509022    3.632504    4.963650
  F s  3.483079    3.670902    4.834489          0.041249     -0.061053      0.205366
  F c  4.409816    2.753139    1.165901
  F s  4.365800    2.772331    1.270009          0.069985     -0.030515     -0.165532
  F c  1.604635   -0.389191    2.571897
  F s  1.630717   -0.276363    2.545103         -0.041470     -0.179397      0.042602
  F c  2.786030    1.197054   -0.105652
  F s  2.804377    1.242761    0.023183         -0.029172     -0.072674     -0.204848
  F c  3.123479    4.708958    2.520526
  F s  3.120093    4.630469    2.590091          0.005384      0.124798     -0.110608
  F c  0.261022    1.956874    0.628681
  F s  0.335338    1.985660    0.741256         -0.118162     -0.045770     -0.178994
  F c  4.845083    1.223888    3.422960
  F s  4.796784    1.304950    3.336752          0.076795     -0.128889      0.137071
 Pb    2.120203    3.279827    0.551227         -0.071565     -0.433973      0.205014
 Pb    3.617269    0.276782    1.757011         -0.281399      0.289380      0.059209
 Pb    4.936304    3.443643    3.238598         -0.417295     -0.288666     -0.041493
 Pb    0.128702    1.325287    2.771272          0.375004      0.091975     -0.131692
 Pb    1.557123    4.460812    4.220155          0.124314     -0.451633     -0.199172
------------------------------------------------------------------------------------------

 Cluster Dipole MM    (e*Angs) :  -24.143697  -23.998800  -24.729613
 Cluster Dipole QM    (e*Angs) :   24.448261   24.779785   24.968392
 Total Cluster Dipole (e*Angs) :    0.304564    0.780984    0.238779

##########################################################################################
                                   Finalising
##########################################################################################
